2018-03-23 14:19:29: 'result': 'p'
2018-03-23 14:19:29: -*- The case is executed -*-

2018-03-23 14:19:29: 新增包类型为: ppm; 版本号: 2.0.3

2018-03-23 14:19:05: -*- The case is executed -*-

2018-03-23 14:19:05: 新增包类型为: bin; 版本号: 2.0.2

2018-03-23 14:18:41: -*- The case is executed -*-

2018-03-23 14:18:41: 新增包类型为: exe; 版本号: 2.0.1

2018-03-23 14:02:23: 'result': 'f'
2018-03-23 14:02:23: -*- The case is executed -*-

2018-03-23 14:02:23: 版本号: 2.0.3

2018-03-23 14:01:59: -*- The case is executed -*-

2018-03-23 14:01:59: 版本号: 2.0.2

2018-03-23 14:01:35: -*- The case is executed -*-

2018-03-23 14:01:35: 版本号: 2.0.1

2018-03-23 13:58:08: 'result': 'f'
2018-03-23 13:58:08: -*- The case is executed -*-

2018-03-23 13:58:08: 版本号: 2.0.3

2018-03-23 13:57:48: 新建升级包 is not found

2018-03-23 13:57:48: -*- The case is executed -*-

2018-03-23 13:57:48: 版本号: 

2018-03-23 13:57:48: 软件类型 is not found

2018-03-23 13:57:30: 新建升级包 is not found

2018-03-23 13:57:30: -*- The case is executed -*-

2018-03-23 13:57:30: 版本号: 

2018-03-23 13:57:30: 软件类型 is not found

2018-03-23 13:44:59: 'result': 'f'
2018-03-23 13:44:59: -*- The case is executed -*-

2018-03-23 13:44:59: 版本号: 

2018-03-23 13:44:59: 软件类型 is not found

2018-03-23 13:44:38: -*- The case is executed -*-

2018-03-23 13:44:38: 版本号: 2.0.2

2018-03-23 13:44:14: -*- The case is executed -*-

2018-03-23 13:44:14: 版本号: 2.0.1

2018-03-23 12:51:47: 'result': 'p'
2018-03-23 12:51:47: -*- The case is executed -*-

2018-03-23 12:51:47: Actual 版本号: 2.0.3

2018-03-23 12:51:24: -*- The case is executed -*-

2018-03-23 12:51:24: Actual 版本号: 2.0.2

2018-03-23 12:51:00: -*- The case is executed -*-

2018-03-23 12:51:00: Actual 版本号: 2.0.1

2018-03-23 12:44:51: 'result': 'p'
2018-03-23 12:44:51: -*- The case is executed -*-

2018-03-23 12:44:51: Actual 版本号: 2.0.3
2018-03-23 12:44:51: Expected 版本号: 2.0.3
2018-03-23 12:44:27: -*- The case is executed -*-

2018-03-23 12:44:27: Actual 版本号: 2.0.2
2018-03-23 12:44:27: Expected 版本号: 2.0.2
2018-03-23 12:44:03: -*- The case is executed -*-

2018-03-23 12:44:03: Actual 版本号: 2.0.1
2018-03-23 12:44:03: Expected 版本号: 2.0.1

